[0809/234026:ERROR:process_info.cc(608)] range at 0x565038de00000000, size 0x1d9 fully unreadable
[0809/234026:ERROR:process_info.cc(608)] range at 0x5650394400000000, size 0x1d9 fully unreadable
[0809/234026:ERROR:process_info.cc(608)] range at 0x0, size 0x1d9 fully unreadable
[0809/234026:ERROR:process_reader_win.cc(233)] ReadMemory at 0x7ffa959c746c of 35 bytes failed: Only part of a ReadProcessMemory or WriteProcessMemory request was completed. (0x12B)
[0809/234026:WARNING:pe_image_reader.cc(155)] could not read debug directory from C:\Windows\system32\fwbase.dll
[0809/234026:ERROR:process_reader_win.cc(233)] ReadMemory at 0x7ffa90d70000 of 64 bytes failed: Only part of a ReadProcessMemory or WriteProcessMemory request was completed. (0x12B)
[0809/234026:WARNING:pe_image_reader.cc(281)] could not read dos header from C:\Windows\SYSTEM32\DAVHLPR.DLL
[0809/234026:ERROR:process_reader_win.cc(233)] ReadMemory at 0x7ffa934c0000 of 64 bytes failed: Only part of a ReadProcessMemory or WriteProcessMemory request was completed. (0x12B)
[0809/234026:WARNING:pe_image_reader.cc(281)] could not read dos header from C:\Windows\SYSTEM32\IPHLPAPI.DLL
[0809/234026:ERROR:process_reader_win.cc(233)] ReadMemory at 0x7ffa90a40000 of 64 bytes failed: Only part of a ReadProcessMemory or WriteProcessMemory request was completed. (0x12B)
[0809/234026:WARNING:pe_image_reader.cc(281)] could not read dos header from C:\Windows\SYSTEM32\USP10.dll
[0809/234026:ERROR:process_reader_win.cc(233)] ReadMemory at 0x7ffa93380000 of 64 bytes failed: Only part of a ReadProcessMemory or WriteProcessMemory request was completed. (0x12B)
[0809/234026:WARNING:pe_image_reader.cc(281)] could not read dos header from C:\Windows\SYSTEM32\Secur32.dll
[0809/234026:ERROR:process_reader_win.cc(233)] ReadMemory at 0x7ffa683d0000 of 64 bytes failed: Only part of a ReadProcessMemory or WriteProcessMemory request was completed. (0x12B)
[0809/234026:WARNING:pe_image_reader.cc(281)] could not read dos header from C:\Program Files (x86)\Google\Chrome\Application\52.0.2743.116\chrome_child.dll
[0809/234026:ERROR:process_reader_win.cc(233)] ReadMemory at 0x7ffa90300000 of 64 bytes failed: Only part of a ReadProcessMemory or WriteProcessMemory request was completed. (0x12B)
[0809/234026:WARNING:pe_image_reader.cc(281)] could not read dos header from C:\Windows\SYSTEM32\dwrite.dll
[0809/234026:ERROR:process_reader_win.cc(233)] ReadMemory at 0x7ff7abbf0000 of 64 bytes failed: Only part of a ReadProcessMemory or WriteProcessMemory request was completed. (0x12B)
[0809/234026:WARNING:pe_image_reader.cc(281)] could not read dos header from C:\Program Files (x86)\Google\Chrome\Application\chrome.exe
[0809/234026:ERROR:process_reader_win.cc(233)] ReadMemory at 0x7ffa966c0000 of 64 bytes failed: Only part of a ReadProcessMemory or WriteProcessMemory request was completed. (0x12B)
[0809/234026:WARNING:pe_image_reader.cc(281)] could not read dos header from C:\Windows\SYSTEM32\CRYPTBASE.DLL
[0809/234026:ERROR:process_reader_win.cc(233)] ReadMemory at 0x7ffa90a60000 of 64 bytes failed: Only part of a ReadProcessMemory or WriteProcessMemory request was completed. (0x12B)
[0809/234026:WARNING:pe_image_reader.cc(281)] could not read dos header from C:\Program Files (x86)\Google\Chrome\Application\52.0.2743.116\chrome_elf.dll
[0809/234026:ERROR:process_reader_win.cc(233)] ReadMemory at 0x7ffa92df0000 of 64 bytes failed: Only part of a ReadProcessMemory or WriteProcessMemory request was completed. (0x12B)
[0809/234026:WARNING:pe_image_reader.cc(281)] could not read dos header from C:\Windows\SYSTEM32\VERSION.dll
[0809/234026:ERROR:process_reader_win.cc(233)] ReadMemory at 0x7ffa94e40000 of 64 bytes failed: Only part of a ReadProcessMemory or WriteProcessMemory request was completed. (0x12B)
[0809/234026:WARNING:pe_image_reader.cc(281)] could not read dos header from C:\Windows\SYSTEM32\WINMMBASE.dll
[0809/234026:ERROR:process_reader_win.cc(233)] ReadMemory at 0x7ffa94e70000 of 64 bytes failed: Only part of a ReadProcessMemory or WriteProcessMemory request was completed. (0x12B)
[0809/234026:WARNING:pe_image_reader.cc(281)] could not read dos header from C:\Windows\SYSTEM32\WINMM.dll
[0809/234026:ERROR:process_reader_win.cc(233)] ReadMemory at 0x7ffa96380000 of 64 bytes failed: Only part of a ReadProcessMemory or WriteProcessMemory request was completed. (0x12B)
[0809/234026:WARNING:pe_image_reader.cc(281)] could not read dos header from C:\Windows\SYSTEM32\USERENV.dll
[0809/234026:ERROR:process_reader_win.cc(233)] ReadMemory at 0x7ffa94be0000 of 64 bytes failed: Only part of a ReadProcessMemory or WriteProcessMemory request was completed. (0x12B)
[0809/234026:WARNING:pe_image_reader.cc(281)] could not read dos header from C:\Windows\SYSTEM32\WTSAPI32.dll
[0809/234026:ERROR:process_reader_win.cc(233)] ReadMemory at 0x7ffa93390000 of 64 bytes failed: Only part of a ReadProcessMemory or WriteProcessMemory request was completed. (0x12B)
[0809/234026:WARNING:pe_image_reader.cc(281)] could not read dos header from C:\Windows\SYSTEM32\WINHTTP.dll
[0809/234026:ERROR:process_reader_win.cc(233)] ReadMemory at 0x7ffa92180000 of 64 bytes failed: Only part of a ReadProcessMemory or WriteProcessMemory request was completed. (0x12B)
[0809/234026:WARNING:pe_image_reader.cc(281)] could not read dos header from C:\Windows\SYSTEM32\WINSPOOL.DRV
[0809/234026:ERROR:process_reader_win.cc(233)] ReadMemory at 0x7ffa8e860000 of 64 bytes failed: Only part of a ReadProcessMemory or WriteProcessMemory request was completed. (0x12B)
[0809/234026:WARNING:pe_image_reader.cc(281)] could not read dos header from C:\Windows\WinSxS\amd64_microsoft.windows.common-controls_6595b64144ccf1df_6.0.10586.494_none_a2d8b04ea53e3145\COMCTL32.dll
[0809/234026:ERROR:process_reader_win.cc(233)] ReadMemory at 0x7ffa959a0000 of 64 bytes failed: Only part of a ReadProcessMemory or WriteProcessMemory request was completed. (0x12B)
[0809/234026:WARNING:pe_image_reader.cc(281)] could not read dos header from C:\Windows\system32\fwbase.dll
[0809/234026:ERROR:process_reader_win.cc(233)] ReadMemory at 0x7ffa90d70000 of 64 bytes failed: Only part of a ReadProcessMemory or WriteProcessMemory request was completed. (0x12B)
[0809/234026:WARNING:pe_image_reader.cc(281)] could not read dos header from C:\Windows\SYSTEM32\DAVHLPR.DLL
[0809/234026:ERROR:process_reader_win.cc(233)] ReadMemory at 0x7ffa934c0000 of 64 bytes failed: Only part of a ReadProcessMemory or WriteProcessMemory request was completed. (0x12B)
[0809/234026:WARNING:pe_image_reader.cc(281)] could not read dos header from C:\Windows\SYSTEM32\IPHLPAPI.DLL
[0809/234026:ERROR:process_reader_win.cc(233)] ReadMemory at 0x7ffa90a40000 of 64 bytes failed: Only part of a ReadProcessMemory or WriteProcessMemory request was completed. (0x12B)
[0809/234026:WARNING:pe_image_reader.cc(281)] could not read dos header from C:\Windows\SYSTEM32\USP10.dll
[0809/234026:ERROR:process_reader_win.cc(233)] ReadMemory at 0x7ffa93380000 of 64 bytes failed: Only part of a ReadProcessMemory or WriteProcessMemory request was completed. (0x12B)
[0809/234026:WARNING:pe_image_reader.cc(281)] could not read dos header from C:\Windows\SYSTEM32\Secur32.dll
[0809/234026:ERROR:process_reader_win.cc(233)] ReadMemory at 0x7ffa683d0000 of 64 bytes failed: Only part of a ReadProcessMemory or WriteProcessMemory request was completed. (0x12B)
[0809/234026:WARNING:pe_image_reader.cc(281)] could not read dos header from C:\Program Files (x86)\Google\Chrome\Application\52.0.2743.116\chrome_child.dll
[0809/234026:ERROR:process_reader_win.cc(233)] ReadMemory at 0x7ffa90300000 of 64 bytes failed: Only part of a ReadProcessMemory or WriteProcessMemory request was completed. (0x12B)
[0809/234026:WARNING:pe_image_reader.cc(281)] could not read dos header from C:\Windows\SYSTEM32\dwrite.dll
[0809/234026:ERROR:process_reader_win.cc(142)] SuspendThread: Access is denied. (0x5)
[0809/234026:ERROR:process_reader_win.cc(233)] ReadMemory at 0x7ff7abbf0000 of 64 bytes failed: Only part of a ReadProcessMemory or WriteProcessMemory request was completed. (0x12B)
[0809/234026:WARNING:pe_image_reader.cc(281)] could not read dos header from C:\Program Files (x86)\Google\Chrome\Application\chrome.exe
[0809/234026:ERROR:process_reader_win.cc(233)] ReadMemory at 0x7ffa966c0000 of 64 bytes failed: Only part of a ReadProcessMemory or WriteProcessMemory request was completed. (0x12B)
[0809/234026:WARNING:pe_image_reader.cc(281)] could not read dos header from C:\Windows\SYSTEM32\CRYPTBASE.DLL
[0809/234026:ERROR:process_reader_win.cc(233)] ReadMemory at 0x7ffa90a60000 of 64 bytes failed: Only part of a ReadProcessMemory or WriteProcessMemory request was completed. (0x12B)
[0809/234026:WARNING:pe_image_reader.cc(281)] could not read dos header from C:\Program Files (x86)\Google\Chrome\Application\52.0.2743.116\chrome_elf.dll
[0809/234026:ERROR:process_reader_win.cc(233)] ReadMemory at 0x7ffa92df0000 of 64 bytes failed: Only part of a ReadProcessMemory or WriteProcessMemory request was completed. (0x12B)
[0809/234026:WARNING:pe_image_reader.cc(281)] could not read dos header from C:\Windows\SYSTEM32\VERSION.dll
[0809/234026:ERROR:process_reader_win.cc(233)] ReadMemory at 0x7ffa94e40000 of 64 bytes failed: Only part of a ReadProcessMemory or WriteProcessMemory request was completed. (0x12B)
[0809/234026:WARNING:pe_image_reader.cc(281)] could not read dos header from C:\Windows\SYSTEM32\WINMMBASE.dll
[0809/234026:ERROR:process_reader_win.cc(233)] ReadMemory at 0x7ffa94e70000 of 64 bytes failed: Only part of a ReadProcessMemory or WriteProcessMemory request was completed. (0x12B)
[0809/234026:WARNING:pe_image_reader.cc(281)] could not read dos header from C:\Windows\SYSTEM32\WINMM.dll
[0809/234026:ERROR:process_reader_win.cc(233)] ReadMemory at 0x7ffa96380000 of 64 bytes failed: Only part of a ReadProcessMemory or WriteProcessMemory request was completed. (0x12B)
[0809/234026:WARNING:pe_image_reader.cc(281)] could not read dos header from C:\Windows\SYSTEM32\USERENV.dll
[0809/234026:ERROR:process_reader_win.cc(233)] ReadMemory at 0x7ffa94be0000 of 64 bytes failed: Only part of a ReadProcessMemory or WriteProcessMemory request was completed. (0x12B)
[0809/234026:WARNING:pe_image_reader.cc(281)] could not read dos header from C:\Windows\SYSTEM32\WTSAPI32.dll
[0809/234026:ERROR:process_reader_win.cc(233)] ReadMemory at 0x7ffa93390000 of 64 bytes failed: Only part of a ReadProcessMemory or WriteProcessMemory request was completed. (0x12B)
[0809/234026:WARNING:pe_image_reader.cc(281)] could not read dos header from C:\Windows\SYSTEM32\WINHTTP.dll
[0809/234026:ERROR:process_reader_win.cc(233)] ReadMemory at 0x7ffa92180000 of 64 bytes failed: Only part of a ReadProcessMemory or WriteProcessMemory request was completed. (0x12B)
[0809/234026:WARNING:pe_image_reader.cc(281)] could not read dos header from C:\Windows\SYSTEM32\WINSPOOL.DRV
[0809/234026:ERROR:process_reader_win.cc(233)] ReadMemory at 0x7ffa8e860000 of 64 bytes failed: Only part of a ReadProcessMemory or WriteProcessMemory request was completed. (0x12B)
[0809/234026:WARNING:pe_image_reader.cc(281)] could not read dos header from C:\Windows\WinSxS\amd64_microsoft.windows.common-controls_6595b64144ccf1df_6.0.10586.494_none_a2d8b04ea53e3145\COMCTL32.dll
[0809/234026:ERROR:process_reader_win.cc(233)] ReadMemory at 0x7ffa959a0000 of 64 bytes failed: Only part of a ReadProcessMemory or WriteProcessMemory request was completed. (0x12B)
[0809/234026:WARNING:pe_image_reader.cc(281)] could not read dos header from C:\Windows\system32\fwbase.dll
[0809/234026:ERROR:process_reader_win.cc(233)] ReadMemory at 0x7ffa90d70000 of 64 bytes failed: Only part of a ReadProcessMemory or WriteProcessMemory request was completed. (0x12B)
[0809/234026:WARNING:pe_image_reader.cc(281)] could not read dos header from C:\Windows\SYSTEM32\DAVHLPR.DLL
[0809/234026:ERROR:process_reader_win.cc(233)] ReadMemory at 0x7ffa934c0000 of 64 bytes failed: Only part of a ReadProcessMemory or WriteProcessMemory request was completed. (0x12B)
[0809/234026:WARNING:pe_image_reader.cc(281)] could not read dos header from C:\Windows\SYSTEM32\IPHLPAPI.DLL
[0809/234026:ERROR:process_reader_win.cc(233)] ReadMemory at 0x7ffa90a40000 of 64 bytes failed: Only part of a ReadProcessMemory or WriteProcessMemory request was completed. (0x12B)
[0809/234026:WARNING:pe_image_reader.cc(281)] could not read dos header from C:\Windows\SYSTEM32\USP10.dll
[0809/234026:ERROR:process_reader_win.cc(233)] ReadMemory at 0x7ffa93380000 of 64 bytes failed: Only part of a ReadProcessMemory or WriteProcessMemory request was completed. (0x12B)
[0809/234026:WARNING:pe_image_reader.cc(281)] could not read dos header from C:\Windows\SYSTEM32\Secur32.dll
[0809/234026:ERROR:process_reader_win.cc(233)] ReadMemory at 0x7ffa683d0000 of 64 bytes failed: Only part of a ReadProcessMemory or WriteProcessMemory request was completed. (0x12B)
[0809/234026:WARNING:pe_image_reader.cc(281)] could not read dos header from C:\Program Files (x86)\Google\Chrome\Application\52.0.2743.116\chrome_child.dll
[0809/234026:ERROR:process_reader_win.cc(233)] ReadMemory at 0x7ffa90300000 of 64 bytes failed: Only part of a ReadProcessMemory or WriteProcessMemory request was completed. (0x12B)
[0809/234026:WARNING:pe_image_reader.cc(281)] could not read dos header from C:\Windows\SYSTEM32\dwrite.dll
[0809/234026:ERROR:process_reader_win.cc(233)] ReadMemory at 0x7ff7abcd9170 of 12 bytes failed: Only part of a ReadProcessMemory or WriteProcessMemory request was completed. (0x12B)
[0809/234026:WARNING:process_snapshot_win.cc(104)] ReadMemory ExceptionInformation failed
[0809/234026:WARNING:crash_report_exception_handler.cc(60)] ProcessSnapshotWin::InitializeException failed
[0809/234026:ERROR:scoped_process_suspend.cc(38)] NtResumeProcess, ntstatus=-1073741558
